<?xml version="1.0" encoding="UTF-8"?>
<testng-results ignored="0" total="1" passed="1" failed="0" skipped="0">
  <reporter-output>
    <line>
      <![CDATA[BothTrueJohn<==>John]]>
    </line>
  </reporter-output>
  <suite started-at="2025-01-26T17:44:24 IST" name="Suite" finished-at="2025-01-26T17:44:32 IST" duration-ms="8170">
    <groups>
      <group name="Unit">
        <method signature="LoginTC.loginTest(java.lang.String,java.lang.String,java.lang.String,java.lang.String,java.lang.String,java.lang.String)[pri:1, instance:com.GermaneyIsCalling.qa.test.login.LoginTC@301ec38b]" name="loginTest" class="com.GermaneyIsCalling.qa.test.login.LoginTC"/>
      </group> <!-- Unit -->
    </groups>
    <test started-at="2025-01-26T17:44:24 IST" name="Test" finished-at="2025-01-26T17:44:32 IST" duration-ms="8170">
      <class name="com.GermaneyIsCalling.qa.test.login.LoginTC">
        <test-method is-config="true" signature="openBrowser()[pri:0, instance:com.GermaneyIsCalling.qa.test.login.LoginTC@301ec38b]" started-at="2025-01-26T17:44:24 IST" name="openBrowser" finished-at="2025-01-26T17:44:28 IST" duration-ms="3116" status="PASS">
          <reporter-output>
          </reporter-output>
        </test-method> <!-- openBrowser -->
        <test-method is-config="true" signature="loginToApp()[pri:0, instance:com.GermaneyIsCalling.qa.test.login.LoginTC@301ec38b]" started-at="2025-01-26T17:44:28 IST" name="loginToApp" finished-at="2025-01-26T17:44:28 IST" duration-ms="3" status="PASS">
          <reporter-output>
          </reporter-output>
        </test-method> <!-- loginToApp -->
        <test-method signature="loginTest(java.lang.String,java.lang.String,java.lang.String,java.lang.String,java.lang.String,java.lang.String)[pri:1, instance:com.GermaneyIsCalling.qa.test.login.LoginTC@301ec38b]" started-at="2025-01-26T17:44:28 IST" name="loginTest" data-provider="dataContainer" finished-at="2025-01-26T17:44:32 IST" duration-ms="3829" status="PASS">
          <params>
            <param index="0">
              <value>
                <![CDATA[BothTrue]]>
              </value>
            </param>
            <param index="1">
              <value>
                <![CDATA[0]]>
              </value>
            </param>
            <param index="2">
              <value>
                <![CDATA[John]]>
              </value>
            </param>
            <param index="3">
              <value>
                <![CDATA[John@email.com]]>
              </value>
            </param>
            <param index="4">
              <value>
                <![CDATA[Admin@123]]>
              </value>
            </param>
            <param index="5">
              <value>
                <![CDATA[John]]>
              </value>
            </param>
          </params>
          <reporter-output>
            <line>
              <![CDATA[BothTrueJohn<==>John]]>
            </line>
          </reporter-output>
        </test-method> <!-- loginTest -->
        <test-method is-config="true" signature="closeBrowser()[pri:0, instance:com.GermaneyIsCalling.qa.test.login.LoginTC@301ec38b]" started-at="2025-01-26T17:44:32 IST" name="closeBrowser" finished-at="2025-01-26T17:44:32 IST" duration-ms="0" status="PASS">
          <reporter-output>
          </reporter-output>
        </test-method> <!-- closeBrowser -->
      </class> <!-- com.GermaneyIsCalling.qa.test.login.LoginTC -->
    </test> <!-- Test -->
  </suite> <!-- Suite -->
</testng-results>
