<?xml version="1.0" encoding="UTF-8"?>
<!-- Generated by org.testng.reporters.JUnitReportReporter -->
<testsuite hostname="DESKTOP-R59MVG8" failures="0" tests="1" name="com.GermaneyIsCalling.qa.test.login.LoginTC" time="3.832" errors="0" timestamp="2025-01-26T17:44:33 IST" skipped="0">
  <testcase classname="com.GermaneyIsCalling.qa.test.login.LoginTC" name="loginTest" time="3.832"/>
  <system-out>
    <![CDATA[BothTrueJohn<==>John]]>
  </system-out>
</testsuite> <!-- com.GermaneyIsCalling.qa.test.login.LoginTC -->
